[INFO] Scanning for projects...
[INFO] 
[INFO] ---------------------< com.example:theinterviewer >---------------------
[INFO] Building theinterviewer 0.0.1-SNAPSHOT
[INFO]   from pom.xml
[INFO] --------------------------------[ jar ]---------------------------------
[INFO] 
[INFO] --- resources:3.3.1:resources (default-resources) @ theinterviewer ---
[INFO] Copying 1 resource from src\main\resources to target\classes
[INFO] Copying 0 resource from src\main\resources to target\classes
[INFO] 
[INFO] --- compiler:3.14.1:compile (default-compile) @ theinterviewer ---
[INFO] Recompiling the module because of changed source code.
[INFO] Compiling 61 source files with javac [debug parameters release 21] to target\classes
WARNING: A terminally deprecated method in sun.misc.Unsafe has been called
WARNING: sun.misc.Unsafe::objectFieldOffset has been called by lombok.permit.Permit
WARNING: Please consider reporting this to the maintainers of class lombok.permit.Permit
WARNING: sun.misc.Unsafe::objectFieldOffset will be removed in a future release
[INFO] -------------------------------------------------------------
[ERROR] COMPILATION ERROR : 
[INFO] -------------------------------------------------------------
[ERROR] /C:/Users/manda_5c4udb0/Desktop/CODES/theinterviewer/src/main/java/com/example/theinterviewer/controller/HistoryController.java:[11,2] cannot find symbol
  symbol: class RequiredArgsConstructor
[ERROR] /C:/Users/manda_5c4udb0/Desktop/CODES/theinterviewer/src/main/java/com/example/theinterviewer/controller/HistoryController.java:[14,19] cannot find symbol
  symbol:   class HistoryService
  location: class HistoryController
[ERROR] /C:/Users/manda_5c4udb0/Desktop/CODES/theinterviewer/src/main/java/com/example/theinterviewer/controller/HistoryController.java:[17,32] cannot find symbol
  symbol:   class ResumeHistoryItem
  location: class HistoryController
[ERROR] /C:/Users/manda_5c4udb0/Desktop/CODES/theinterviewer/src/main/java/com/example/theinterviewer/controller/HistoryController.java:[23,32] cannot find symbol
  symbol:   class InterviewHistoryItem
  location: class HistoryController
[INFO] 4 errors 
[INFO] -------------------------------------------------------------
[INFO] ------------------------------------------------------------------------
[INFO] BUILD FAILURE
[INFO] ------------------------------------------------------------------------
[INFO] Total time:  7.156 s
[INFO] Finished at: 2026-01-06T21:23:42+05:30
[INFO] ------------------------------------------------------------------------
[ERROR] Failed to execute goal org.apache.maven.plugins:maven-compiler-plugin:3.14.1:compile (default-compile) on project theinterviewer: Compilation failure: Compilation failure: 
[ERROR] /C:/Users/manda_5c4udb0/Desktop/CODES/theinterviewer/src/main/java/com/example/theinterviewer/controller/HistoryController.java:[11,2] cannot find symbol
[ERROR]   symbol: class RequiredArgsConstructor
[ERROR] /C:/Users/manda_5c4udb0/Desktop/CODES/theinterviewer/src/main/java/com/example/theinterviewer/controller/HistoryController.java:[14,19] cannot find symbol
[ERROR]   symbol:   class HistoryService
[ERROR]   location: class HistoryController
[ERROR] /C:/Users/manda_5c4udb0/Desktop/CODES/theinterviewer/src/main/java/com/example/theinterviewer/controller/HistoryController.java:[17,32] cannot find symbol
[ERROR]   symbol:   class ResumeHistoryItem
[ERROR]   location: class HistoryController
[ERROR] /C:/Users/manda_5c4udb0/Desktop/CODES/theinterviewer/src/main/java/com/example/theinterviewer/controller/HistoryController.java:[23,32] cannot find symbol
[ERROR]   symbol:   class InterviewHistoryItem
[ERROR]   location: class HistoryController
[ERROR] -> [Help 1]
[ERROR] 
[ERROR] To see the full stack trace of the errors, re-run Maven with the -e switch.
[ERROR] Re-run Maven using the -X switch to enable full debug logging.
[ERROR] 
[ERROR] For more information about the errors and possible solutions, please read the following articles:
[ERROR] [Help 1] http://cwiki.apache.org/confluence/display/MAVEN/MojoFailureException
